ARCMAT REEE: 0
[[ True  True  True  True  True  True  True  True  True  True  True  True
   True  True  True  True  True  True  True  True  True  True  True  True
   True  True  True  True  True  True  True  True  True  True  True  True
   True  True  True  True  True  True  True  True  True  True  True  True
   True  True  True  True  True  True  True  True  True  True  True  True
   True  True  True  True  True  True  True  True  True  True  True  True
   True  True  True  True  True  True  True  True  True  True  True  True
   True  True  True  True  True  True  True  True  True  True  True  True
   True  True  True  True  True  True  True  True  True  True  True  True
   True  True  True  True  True  True  True  True  True  True  True  True
   True  True  True  True  True  True  True  True  True]
 [ True  True  True  True  True  True  True  True  True  True  True  True
   True  True  True  True  True  True  True  True  True  True  True  True
   True  True  True  True  True  True  True  True  True  True  True  True
   True  True  True  True  True  True  True  True  True  True  True  True
   True  True  True  True  True  True  True  True  True  True  True  True
   True  True  True  True  True  True  True  True  True  True  True  True
   True  True  True  True  True  True  True  True  True  True  True  True
   True  True  True  True  True  True  True  True  True  True  True  True
   True  True  True  True  True  True  True  True  True  True  True  True
   True  True  True  True  True  True  True  True  True  True  True  True
   True  True  True  True  True  True  True  True  True]
 [ True  True  True  True  True  True  True  True  True  True  True  True
   True  True  True  True  True  True  True  True  True  True  True  True
   True  True  True  True  True  True  True  True  True  True  True  True
   True  True  True  True  True  True  True  True  True  True  True  True
   True  True  True  True  True  True  True  True  True  True  True  True
   True  True  True  True  True  True  True  True  True  True  True  True
   True  True  True  True  True  True  True  True  True  True  True  True
   True  True  True  True  True  True  True  True  True  True  True  True
   True  True  True  True  True  True  True  True  True  True  True  True
   True  True  True  True  True  True  True  True  True  True  True  True
   True  True  True  True  True  True  True  True  True]
 [ True  True  True  True  True  True  True  True  True  True  True  True
   True  True  True  True  True  True  True  True  True  True  True  True
   True  True  True  True  True  True  True  True  True  True  True  True
   True  True  True  True  True  True  True  True  True  True  True  True
   True  True  True  True  True  True  True  True  True  True  True  True
   True  True  True  True  True  True  True  True  True  True  True  True
   True  True  True  True  True  True  True  True  True  True  True  True
   True  True  True  True  True  True  True  True  True  True  True  True
   True  True  True  True  True  True  True  True  True  True  True  True
   True  True  True  True  True  True  True  True  True  True  True  True
   True  True  True  True  True  True  True  True  True]
 [ True  True  True  True  True  True  True  True  True  True  True  True
   True  True  True  True  True  True  True  True  True  True  True  True
   True  True  True  True  True  True  True  True  True  True  True  True
   True  True  True  True  True  True  True  True  True  True  True  True
   True  True  True  True  True  True  True  True  True  True  True  True
   True  True  True  True  True  True  True  True  True  True  True  True
   True  True  True  True  True  True  True  True  True  True  True  True
   True  True  True  True  True  True  True  True  True  True  True  True
   True  True  True  True  True  True  True  True  True  True  True  True
   True  True  True  True  True  True  True  True  True  True  True  True
   True  True  True  True  True  True  True  True  True]
 [ True  True  True  True  True  True  True  True  True  True  True  True
   True  True  True  True  True  True  True  True  True  True  True  True
   True  True  True  True  True  True  True  True  True  True  True  True
   True  True  True  True  True  True  True  True  True  True  True  True
   True  True  True  True  True  True  True  True  True  True  True  True
   True  True  True  True  True  True  True  True  True  True  True  True
   True  True  True  True  True  True  True  True  True  True  True  True
   True  True  True  True  True  True  True  True  True  True  True  True
   True  True  True  True  True  True  True  True  True  True  True  True
   True  True  True  True  True  True  True  True  True  True  True  True
   True  True  True  True  True  True  True  True  True]
 [ True  True  True  True  True  True  True  True  True  True  True  True
   True  True  True  True  True  True  True  True  True  True  True  True
   True  True  True  True  True  True  True  True  True  True  True  True
   True  True  True  True  True  True  True  True  True  True  True  True
   True  True  True  True  True  True  True  True  True  True  True  True
   True  True  True  True  True  True  True  True  True  True  True  True
   True  True  True  True  True  True  True  True  True  True  True  True
   True  True  True  True  True  True  True  True  True  True  True  True
   True  True  True  True  True  True  True  True  True  True  True  True
   True  True  True  True  True  True  True  True  True  True  True  True
   True  True  True  True  True  True  True  True  True]
 [ True  True  True  True  True  True  True  True  True  True  True  True
   True  True  True  True  True  True  True  True  True  True  True  True
   True  True  True  True  True  True  True  True  True  True  True  True
   True  True  True  True  True  True  True  True  True  True  True  True
   True  True  True  True  True  True  True  True  True  True  True  True
   True  True  True  True  True  True  True  True  True  True  True  True
   True  True  True  True  True  True  True  True  True  True  True  True
   True  True  True  True  True  True  True  True  True  True  True  True
   True  True  True  True  True  True  True  True  True  True  True  True
   True  True  True  True  True  True  True  True  True  True  True  True
   True  True  True  True  True  True  True  True  True]
 [ True  True  True  True  True  True  True  True  True  True  True  True
   True  True  True  True  True  True  True  True  True  True  True  True
   True  True  True  True  True  True  True  True  True  True  True  True
   True  True  True  True  True  True  True  True  True  True  True  True
   True  True  True  True  True  True  True  True  True  True  True  True
   True  True  True  True  True  True  True  True  True  True  True  True
   True  True  True  True  True  True  True  True  True  True  True  True
   True  True  True  True  True  True  True  True  True  True  True  True
   True  True  True  True  True  True  True  True  True  True  True  True
   True  True  True  True  True  True  True  True  True  True  True  True
   True  True  True  True  True  True  True  True  True]
 [ True  True  True  True  True  True  True  True  True  True  True  True
   True  True  True  True  True  True  True  True  True  True  True  True
   True  True  True  True  True  True  True  True  True  True  True  True
   True  True  True  True  True  True  True  True  True  True  True  True
   True  True  True  True  True  True  True  True  True  True  True  True
   True  True  True  True  True  True  True  True  True  True  True  True
   True  True  True  True  True  True  True  True  True  True  True  True
   True  True  True  True  True  True  True  True  True  True  True  True
   True  True  True  True  True  True  True  True  True  True  True  True
   True  True  True  True  True  True  True  True  True  True  True  True
   True  True  True  True  True  True  True  True  True]
 [ True  True  True  True  True  True  True  True  True  True  True  True
   True  True  True  True  True  True  True  True  True  True  True  True
   True  True  True  True  True  True  True  True  True  True  True  True
   True  True  True  True  True  True  True  True  True  True  True  True
   True  True  True  True  True  True  True  True  True  True  True  True
   True  True  True  True  True  True  True  True  True  True  True  True
   True  True  True  True  True  True  True  True  True  True  True  True
   True  True  True  True  True  True  True  True  True  True  True  True
   True  True  True  True  True  True  True  True  True  True  True  True
   True  True  True  True  True  True  True  True  True  True  True  True
   True  True  True  True  True  True  True  True  True]
 [ True  True  True  True  True  True  True  True  True  True  True  True
   True  True  True  True  True  True  True  True  True  True  True  True
   True  True  True  True  True  True  True  True  True  True  True  True
   True  True  True  True  True  True  True  True  True  True  True  True
   True  True  True  True  True  True  True  True  True  True  True  True
   True  True  True  True  True  True  True  True  True  True  True  True
   True  True  True  True  True  True  True  True  True  True  True  True
   True  True  True  True  True  True  True  True  True  True  True  True
   True  True  True  True  True  True  True  True  True  True  True  True
   True  True  True  True  True  True  True  True  True  True  True  True
   True  True  True  True  True  True  True  True  True]
 [ True  True  True  True  True  True  True  True  True  True  True  True
   True  True  True  True  True  True  True  True  True  True  True  True
   True  True  True  True  True  True  True  True  True  True  True  True
   True  True  True  True  True  True  True  True  True  True  True  True
   True  True  True  True  True  True  True  True  True  True  True  True
   True  True  True  True  True  True  True  True  True  True  True  True
   True  True  True  True  True  True  True  True  True  True  True  True
   True  True  True  True  True  True  True  True  True  True  True  True
   True  True  True  True  True  True  True  True  True  True  True  True
   True  True  True  True  True  True  True  True  True  True  True  True
   True  True  True  True  True  True  True  True  True]
 [ True  True  True  True  True  True  True  True  True  True  True  True
   True  True  True  True  True  True  True  True  True  True  True  True
   True  True  True  True  True  True  True  True  True  True  True  True
   True  True  True  True  True  True  True  True  True  True  True  True
   True  True  True  True  True  True  True  True  True  True  True  True
   True  True  True  True  True  True  True  True  True  True  True  True
   True  True  True  True  True  True  True  True  True  True  True  True
   True  True  True  True  True  True  True  True  True  True  True  True
   True  True  True  True  True  True  True  True  True  True  True  True
   True  True  True  True  True  True  True  True  True  True  True  True
   True  True  True  True  True  True  True  True  True]
 [ True  True  True  True  True  True  True  True  True  True  True  True
   True  True  True  True  True  True  True  True  True  True  True  True
   True  True  True  True  True  True  True  True  True  True  True  True
   True  True  True  True  True  True  True  True  True  True  True  True
   True  True  True  True  True  True  True  True  True  True  True  True
   True  True  True  True  True  True  True  True  True  True  True  True
   True  True  True  True  True  True  True  True  True  True  True  True
   True  True  True  True  True  True  True  True  True  True  True  True
   True  True  True  True  True  True  True  True  True  True  True  True
   True  True  True  True  True  True  True  True  True  True  True  True
   True  True  True  True  True  True  True  True  True]
 [ True  True  True  True  True  True  True  True  True  True  True  True
   True  True  True  True  True  True  True  True  True  True  True  True
   True  True  True  True  True  True  True  True  True  True  True  True
   True  True  True  True  True  True  True  True  True  True  True  True
   True  True  True  True  True  True  True  True  True  True  True  True
   True  True  True  True  True  True  True  True  True  True  True  True
   True  True  True  True  True  True  True  True  True  True  True  True
   True  True  True  True  True  True  True  True  True  True  True  True
   True  True  True  True  True  True  True  True  True  True  True  True
   True  True  True  True  True  True  True  True  True  True  True  True
   True  True  True  True  True  True  True  True  True]
 [ True  True  True  True  True  True  True  True  True  True  True  True
   True  True  True  True  True  True  True  True  True  True  True  True
   True  True  True  True  True  True  True  True  True  True  True  True
   True  True  True  True  True  True  True  True  True  True  True  True
   True  True  True  True  True  True  True  True  True  True  True  True
   True  True  True  True  True  True  True  True  True  True  True  True
   True  True  True  True  True  True  True  True  True  True  True  True
   True  True  True  True  True  True  True  True  True  True  True  True
   True  True  True  True  True  True  True  True  True  True  True  True
   True  True  True  True  True  True  True  True  True  True  True  True
   True  True  True  True  True  True  True  True  True]
 [ True  True  True  True  True  True  True  True  True  True  True  True
   True  True  True  True  True  True  True  True  True  True  True  True
   True  True  True  True  True  True  True  True  True  True  True  True
   True  True  True  True  True  True  True  True  True  True  True  True
   True  True  True  True  True  True  True  True  True  True  True  True
   True  True  True  True  True  True  True  True  True  True  True  True
   True  True  True  True  True  True  True  True  True  True  True  True
   True  True  True  True  True  True  True  True  True  True  True  True
   True  True  True  True  True  True  True  True  True  True  True  True
   True  True  True  True  True  True  True  True  True  True  True  True
   True  True  True  True  True  True  True  True  True]
 [ True  True  True  True  True  True  True  True  True  True  True  True
   True  True  True  True  True  True  True  True  True  True  True  True
   True  True  True  True  True  True  True  True  True  True  True  True
   True  True  True  True  True  True  True  True  True  True  True  True
   True  True  True  True  True  True  True  True  True  True  True  True
   True  True  True  True  True  True  True  True  True  True  True  True
   True  True  True  True  True  True  True  True  True  True  True  True
   True  True  True  True  True  True  True  True  True  True  True  True
   True  True  True  True  True  True  True  True  True  True  True  True
   True  True  True  True  True  True  True  True  True  True  True  True
   True  True  True  True  True  True  True  True  True]
 [ True  True  True  True  True  True  True  True  True  True  True  True
   True  True  True  True  True  True  True  True  True  True  True  True
   True  True  True  True  True  True  True  True  True  True  True  True
   True  True  True  True  True  True  True  True  True  True  True  True
   True  True  True  True  True  True  True  True  True  True  True  True
   True  True  True  True  True  True  True  True  True  True  True  True
   True  True  True  True  True  True  True  True  True  True  True  True
   True  True  True  True  True  True  True  True  True  True  True  True
   True  True  True  True  True  True  True  True  True  True  True  True
   True  True  True  True  True  True  True  True  True  True  True  True
   True  True  True  True  True  True  True  True  True]
 [ True  True  True  True  True  True  True  True  True  True  True  True
   True  True  True  True  True  True  True  True  True  True  True  True
   True  True  True  True  True  True  True  True  True  True  True  True
   True  True  True  True  True  True  True  True  True  True  True  True
   True  True  True  True  True  True  True  True  True  True  True  True
   True  True  True  True  True  True  True  True  True  True  True  True
   True  True  True  True  True  True  True  True  True  True  True  True
   True  True  True  True  True  True  True  True  True  True  True  True
   True  True  True  True  True  True  True  True  True  True  True  True
   True  True  True  True  True  True  True  True  True  True  True  True
   True  True  True  True  True  True  True  True  True]]
numA2: 129
num1s arcmat: 2709cols 0 to 33
[[1 1 1 1 1 1 1 1 1 1 1 1 1 1 1 1 1 1 1 1 1 1 1 1 1 1 1 1 1 1 1 1 1 1]
 [1 1 1 1 1 1 1 1 1 1 1 1 1 1 1 1 1 1 1 1 1 1 1 1 1 1 1 1 1 1 1 1 1 1]
 [1 1 1 1 1 1 1 1 1 1 1 1 1 1 1 1 1 1 1 1 1 1 1 1 1 1 1 1 1 1 1 1 1 1]
 [1 1 1 1 1 1 1 1 1 1 1 1 1 1 1 1 1 1 1 1 1 1 1 1 1 1 1 1 1 1 1 1 1 1]
 [1 1 1 1 1 1 1 1 1 1 1 1 1 1 1 1 1 1 1 1 1 1 1 1 1 1 1 1 1 1 1 1 1 1]
 [1 1 1 1 1 1 1 1 1 1 1 1 1 1 1 1 1 1 1 1 1 1 1 1 1 1 1 1 1 1 1 1 1 1]
 [1 1 1 1 1 1 1 1 1 1 1 1 1 1 1 1 1 1 1 1 1 1 1 1 1 1 1 1 1 1 1 1 1 1]
 [1 1 1 1 1 1 1 1 1 1 1 1 1 1 1 1 1 1 1 1 1 1 1 1 1 1 1 1 1 1 1 1 1 1]
 [1 1 1 1 1 1 1 1 1 1 1 1 1 1 1 1 1 1 1 1 1 1 1 1 1 1 1 1 1 1 1 1 1 1]
 [1 1 1 1 1 1 1 1 1 1 1 1 1 1 1 1 1 1 1 1 1 1 1 1 1 1 1 1 1 1 1 1 1 1]
 [1 1 1 1 1 1 1 1 1 1 1 1 1 1 1 1 1 1 1 1 1 1 1 1 1 1 1 1 1 1 1 1 1 1]
 [1 1 1 1 1 1 1 1 1 1 1 1 1 1 1 1 1 1 1 1 1 1 1 1 1 1 1 1 1 1 1 1 1 1]
 [1 1 1 1 1 1 1 1 1 1 1 1 1 1 1 1 1 1 1 1 1 1 1 1 1 1 1 1 1 1 1 1 1 1]
 [1 1 1 1 1 1 1 1 1 1 1 1 1 1 1 1 1 1 1 1 1 1 1 1 1 1 1 1 1 1 1 1 1 1]
 [1 1 1 1 1 1 1 1 1 1 1 1 1 1 1 1 1 1 1 1 1 1 1 1 1 1 1 1 1 1 1 1 1 1]
 [1 1 1 1 1 1 1 1 1 1 1 1 1 1 1 1 1 1 1 1 1 1 1 1 1 1 1 1 1 1 1 1 1 1]
 [1 1 1 1 1 1 1 1 1 1 1 1 1 1 1 1 1 1 1 1 1 1 1 1 1 1 1 1 1 1 1 1 1 1]
 [1 1 1 1 1 1 1 1 1 1 1 1 1 1 1 1 1 1 1 1 1 1 1 1 1 1 1 1 1 1 1 1 1 1]
 [1 1 1 1 1 1 1 1 1 1 1 1 1 1 1 1 1 1 1 1 1 1 1 1 1 1 1 1 1 1 1 1 1 1]
 [1 1 1 1 1 1 1 1 1 1 1 1 1 1 1 1 1 1 1 1 1 1 1 1 1 1 1 1 1 1 1 1 1 1]
 [1 1 1 1 1 1 1 1 1 1 1 1 1 1 1 1 1 1 1 1 1 1 1 1 1 1 1 1 1 1 1 1 1 1]]
cols 34 to 67
[[1 1 1 1 1 1 1 1 1 1 1 1 1 1 1 1 1 1 1 1 1 1 1 1 1 1 1 1 1 1 1 1 1 1]
 [1 1 1 1 1 1 1 1 1 1 1 1 1 1 1 1 1 1 1 1 1 1 1 1 1 1 1 1 1 1 1 1 1 1]
 [1 1 1 1 1 1 1 1 1 1 1 1 1 1 1 1 1 1 1 1 1 1 1 1 1 1 1 1 1 1 1 1 1 1]
 [1 1 1 1 1 1 1 1 1 1 1 1 1 1 1 1 1 1 1 1 1 1 1 1 1 1 1 1 1 1 1 1 1 1]
 [1 1 1 1 1 1 1 1 1 1 1 1 1 1 1 1 1 1 1 1 1 1 1 1 1 1 1 1 1 1 1 1 1 1]
 [1 1 1 1 1 1 1 1 1 1 1 1 1 1 1 1 1 1 1 1 1 1 1 1 1 1 1 1 1 1 1 1 1 1]
 [1 1 1 1 1 1 1 1 1 1 1 1 1 1 1 1 1 1 1 1 1 1 1 1 1 1 1 1 1 1 1 1 1 1]
 [1 1 1 1 1 1 1 1 1 1 1 1 1 1 1 1 1 1 1 1 1 1 1 1 1 1 1 1 1 1 1 1 1 1]
 [1 1 1 1 1 1 1 1 1 1 1 1 1 1 1 1 1 1 1 1 1 1 1 1 1 1 1 1 1 1 1 1 1 1]
 [1 1 1 1 1 1 1 1 1 1 1 1 1 1 1 1 1 1 1 1 1 1 1 1 1 1 1 1 1 1 1 1 1 1]
 [1 1 1 1 1 1 1 1 1 1 1 1 1 1 1 1 1 1 1 1 1 1 1 1 1 1 1 1 1 1 1 1 1 1]
 [1 1 1 1 1 1 1 1 1 1 1 1 1 1 1 1 1 1 1 1 1 1 1 1 1 1 1 1 1 1 1 1 1 1]
 [1 1 1 1 1 1 1 1 1 1 1 1 1 1 1 1 1 1 1 1 1 1 1 1 1 1 1 1 1 1 1 1 1 1]
 [1 1 1 1 1 1 1 1 1 1 1 1 1 1 1 1 1 1 1 1 1 1 1 1 1 1 1 1 1 1 1 1 1 1]
 [1 1 1 1 1 1 1 1 1 1 1 1 1 1 1 1 1 1 1 1 1 1 1 1 1 1 1 1 1 1 1 1 1 1]
 [1 1 1 1 1 1 1 1 1 1 1 1 1 1 1 1 1 1 1 1 1 1 1 1 1 1 1 1 1 1 1 1 1 1]
 [1 1 1 1 1 1 1 1 1 1 1 1 1 1 1 1 1 1 1 1 1 1 1 1 1 1 1 1 1 1 1 1 1 1]
 [1 1 1 1 1 1 1 1 1 1 1 1 1 1 1 1 1 1 1 1 1 1 1 1 1 1 1 1 1 1 1 1 1 1]
 [1 1 1 1 1 1 1 1 1 1 1 1 1 1 1 1 1 1 1 1 1 1 1 1 1 1 1 1 1 1 1 1 1 1]
 [1 1 1 1 1 1 1 1 1 1 1 1 1 1 1 1 1 1 1 1 1 1 1 1 1 1 1 1 1 1 1 1 1 1]
 [1 1 1 1 1 1 1 1 1 1 1 1 1 1 1 1 1 1 1 1 1 1 1 1 1 1 1 1 1 1 1 1 1 1]]
cols 68 to 101
[[1 1 1 1 1 1 1 1 1 1 1 1 1 1 1 1 1 1 1 1 1 1 1 1 1 1 1 1 1 1 1 1 1 1]
 [1 1 1 1 1 1 1 1 1 1 1 1 1 1 1 1 1 1 1 1 1 1 1 1 1 1 1 1 1 1 1 1 1 1]
 [1 1 1 1 1 1 1 1 1 1 1 1 1 1 1 1 1 1 1 1 1 1 1 1 1 1 1 1 1 1 1 1 1 1]
 [1 1 1 1 1 1 1 1 1 1 1 1 1 1 1 1 1 1 1 1 1 1 1 1 1 1 1 1 1 1 1 1 1 1]
 [1 1 1 1 1 1 1 1 1 1 1 1 1 1 1 1 1 1 1 1 1 1 1 1 1 1 1 1 1 1 1 1 1 1]
 [1 1 1 1 1 1 1 1 1 1 1 1 1 1 1 1 1 1 1 1 1 1 1 1 1 1 1 1 1 1 1 1 1 1]
 [1 1 1 1 1 1 1 1 1 1 1 1 1 1 1 1 1 1 1 1 1 1 1 1 1 1 1 1 1 1 1 1 1 1]
 [1 1 1 1 1 1 1 1 1 1 1 1 1 1 1 1 1 1 1 1 1 1 1 1 1 1 1 1 1 1 1 1 1 1]
 [1 1 1 1 1 1 1 1 1 1 1 1 1 1 1 1 1 1 1 1 1 1 1 1 1 1 1 1 1 1 1 1 1 1]
 [1 1 1 1 1 1 1 1 1 1 1 1 1 1 1 1 1 1 1 1 1 1 1 1 1 1 1 1 1 1 1 1 1 1]
 [1 1 1 1 1 1 1 1 1 1 1 1 1 1 1 1 1 1 1 1 1 1 1 1 1 1 1 1 1 1 1 1 1 1]
 [1 1 1 1 1 1 1 1 1 1 1 1 1 1 1 1 1 1 1 1 1 1 1 1 1 1 1 1 1 1 1 1 1 1]
 [1 1 1 1 1 1 1 1 1 1 1 1 1 1 1 1 1 1 1 1 1 1 1 1 1 1 1 1 1 1 1 1 1 1]
 [1 1 1 1 1 1 1 1 1 1 1 1 1 1 1 1 1 1 1 1 1 1 1 1 1 1 1 1 1 1 1 1 1 1]
 [1 1 1 1 1 1 1 1 1 1 1 1 1 1 1 1 1 1 1 1 1 1 1 1 1 1 1 1 1 1 1 1 1 1]
 [1 1 1 1 1 1 1 1 1 1 1 1 1 1 1 1 1 1 1 1 1 1 1 1 1 1 1 1 1 1 1 1 1 1]
 [1 1 1 1 1 1 1 1 1 1 1 1 1 1 1 1 1 1 1 1 1 1 1 1 1 1 1 1 1 1 1 1 1 1]
 [1 1 1 1 1 1 1 1 1 1 1 1 1 1 1 1 1 1 1 1 1 1 1 1 1 1 1 1 1 1 1 1 1 1]
 [1 1 1 1 1 1 1 1 1 1 1 1 1 1 1 1 1 1 1 1 1 1 1 1 1 1 1 1 1 1 1 1 1 1]
 [1 1 1 1 1 1 1 1 1 1 1 1 1 1 1 1 1 1 1 1 1 1 1 1 1 1 1 1 1 1 1 1 1 1]
 [1 1 1 1 1 1 1 1 1 1 1 1 1 1 1 1 1 1 1 1 1 1 1 1 1 1 1 1 1 1 1 1 1 1]]
cols 102 to 135
[[1 1 1 1 1 1 1 1 1 1 1 1 1 1 1 1 1 1 1 1 1 1 1 1 1 1 1]
 [1 1 1 1 1 1 1 1 1 1 1 1 1 1 1 1 1 1 1 1 1 1 1 1 1 1 1]
 [1 1 1 1 1 1 1 1 1 1 1 1 1 1 1 1 1 1 1 1 1 1 1 1 1 1 1]
 [1 1 1 1 1 1 1 1 1 1 1 1 1 1 1 1 1 1 1 1 1 1 1 1 1 1 1]
 [1 1 1 1 1 1 1 1 1 1 1 1 1 1 1 1 1 1 1 1 1 1 1 1 1 1 1]
 [1 1 1 1 1 1 1 1 1 1 1 1 1 1 1 1 1 1 1 1 1 1 1 1 1 1 1]
 [1 1 1 1 1 1 1 1 1 1 1 1 1 1 1 1 1 1 1 1 1 1 1 1 1 1 1]
 [1 1 1 1 1 1 1 1 1 1 1 1 1 1 1 1 1 1 1 1 1 1 1 1 1 1 1]
 [1 1 1 1 1 1 1 1 1 1 1 1 1 1 1 1 1 1 1 1 1 1 1 1 1 1 1]
 [1 1 1 1 1 1 1 1 1 1 1 1 1 1 1 1 1 1 1 1 1 1 1 1 1 1 1]
 [1 1 1 1 1 1 1 1 1 1 1 1 1 1 1 1 1 1 1 1 1 1 1 1 1 1 1]
 [1 1 1 1 1 1 1 1 1 1 1 1 1 1 1 1 1 1 1 1 1 1 1 1 1 1 1]
 [1 1 1 1 1 1 1 1 1 1 1 1 1 1 1 1 1 1 1 1 1 1 1 1 1 1 1]
 [1 1 1 1 1 1 1 1 1 1 1 1 1 1 1 1 1 1 1 1 1 1 1 1 1 1 1]
 [1 1 1 1 1 1 1 1 1 1 1 1 1 1 1 1 1 1 1 1 1 1 1 1 1 1 1]
 [1 1 1 1 1 1 1 1 1 1 1 1 1 1 1 1 1 1 1 1 1 1 1 1 1 1 1]
 [1 1 1 1 1 1 1 1 1 1 1 1 1 1 1 1 1 1 1 1 1 1 1 1 1 1 1]
 [1 1 1 1 1 1 1 1 1 1 1 1 1 1 1 1 1 1 1 1 1 1 1 1 1 1 1]
 [1 1 1 1 1 1 1 1 1 1 1 1 1 1 1 1 1 1 1 1 1 1 1 1 1 1 1]
 [1 1 1 1 1 1 1 1 1 1 1 1 1 1 1 1 1 1 1 1 1 1 1 1 1 1 1]
 [1 1 1 1 1 1 1 1 1 1 1 1 1 1 1 1 1 1 1 1 1 1 1 1 1 1 1]]
27090